<?xml version="1.0" encoding="UTF-8"?>
<!-- Generated by org.testng.reporters.JUnitReportReporter -->
<testsuite hostname="POOLW42SLPC7783" failures="0" tests="1" name="TestCase.Xlogist_testcase" time="68.168" errors="0" timestamp="2022-12-09T11:56:42 IST" skipped="0">
  <testcase classname="TestCase.Xlogist_testcase" name="test_validData" time="68.168"/>
  <system-out/>
</testsuite> <!-- TestCase.Xlogist_testcase -->
