<?xml version="1.0" encoding="UTF-8"?>
<!-- Generated by org.testng.reporters.JUnitReportReporter -->
<testsuite hostname="POOLW42SLPC7783" failures="0" tests="1" name="TestCase.Ecommerce_testcase" time="54.542" errors="0" timestamp="2022-12-09T13:23:51 IST" skipped="0">
  <testcase classname="TestCase.Ecommerce_testcase" name="test_validData" time="54.542"/>
  <system-out/>
</testsuite> <!-- TestCase.Ecommerce_testcase -->
