<?xml version="1.0" encoding="UTF-8"?>
<!-- Generated by org.testng.reporters.JUnitReportReporter -->
<testsuite hostname="POOLW42SLPC7783" failures="0" tests="2" name="TestCase.ApiTestCase_Post" time="4.850" errors="0" timestamp="2022-12-09T14:55:16 IST" skipped="0">
  <testcase classname="TestCase.ApiTestCase_Post" name="loginuser" time="2.587"/>
  <system-out/>
  <testcase classname="TestCase.ApiTestCase_Post" name="loginuser_invalid" time="2.263"/>
  <system-out/>
</testsuite> <!-- TestCase.ApiTestCase_Post -->
